<?xml version="1.0" encoding="UTF-8"?>
<!-- Generated by org.testng.reporters.JUnitXMLReporter -->
<testsuite hostname="Lenovo" name="Test" tests="4" failures="1" timestamp="9 Apr 2021 08:08:20 GMT" time="0.25" errors="0">
  <testcase name="tc0" time="0.109" classname="org.cts.DependsOnGroups">
    <failure type="java.lang.AssertionError" message="expected [true] but found [false]">
      <![CDATA[java.lang.AssertionError: expected [true] but found [false]
	at org.cts.DependsOnGroups.tc0(DependsOnGroups.java:11)
... Removed 29 stack frames]]>
    </failure>
  </testcase> <!-- tc0 -->
  <testcase name="tc3" time="0.0" classname="org.cts.DependsOnGroups"/>
  <testcase name="tc4" time="0.0" classname="org.cts.DependsOnGroups"/>
  <testcase name="tc1" time="0.0" classname="org.cts.DependsOnGroups">
    <skipped/>
  </testcase> <!-- tc1 -->
</testsuite> <!-- Test -->
